#
# There is insufficient memory for the Java Runtime Environment to continue.
# Native memory allocation (malloc) failed to allocate 1325136 bytes for Chunk::new
# Possible reasons:
#   The system is out of physical RAM or swap space
#   In 32 bit mode, the process size limit was hit
# Possible solutions:
#   Reduce memory load on the system
#   Increase physical memory or swap space
#   Check if swap backing store is full
#   Use 64 bit Java on a 64 bit OS
#   Decrease Java heap size (-Xmx/-Xms)
#   Decrease number of Java threads
#   Decrease Java thread stack sizes (-Xss)
#   Set larger code cache with -XX:ReservedCodeCacheSize=
# This output file may be truncated or incomplete.
#
#  Out of Memory Error (allocation.cpp:390), pid=15136, tid=0x0000000000003750
#
# JRE version: OpenJDK Runtime Environment (8.0_152-b02) (build 1.8.0_152-release-1024-b02)
# Java VM: OpenJDK 64-Bit Server VM (25.152-b02 mixed mode windows-amd64 compressed oops)
# Failed to write core dump. Minidumps are not enabled by default on client versions of Windows
#

---------------  T H R E A D  ---------------

Current thread (0x00000000176ee800):  JavaThread "C2 CompilerThread0" daemon [_thread_in_native, id=14160, stack(0x0000000017eb0000,0x0000000017fb0000)]

Stack: [0x0000000017eb0000,0x0000000017fb0000]
[error occurred during error reporting (printing stack bounds), id 0xc0000005]

Native frames: (J=compiled Java code, j=interpreted, Vv=VM code, C=native code)


Current CompileTask:
C2: 882148 16881       4       org.gradle.api.internal.file.collections.DefaultFileCollectionResolveContext::doResolve (356 bytes)


---------------  P R O C E S S  ---------------

Java Threads: ( => current thread )
  0x000000001b999000 JavaThread "stdout" daemon [_thread_in_native, id=2148, stack(0x0000000034a20000,0x0000000034b20000)]
  0x000000001b99c000 JavaThread "stderr" daemon [_thread_in_native, id=684, stack(0x0000000034920000,0x0000000034a20000)]
  0x000000001b99a800 JavaThread "stdout" daemon [_thread_in_native, id=11796, stack(0x0000000034820000,0x0000000034920000)]
  0x000000001b99b800 JavaThread "stderr" daemon [_thread_in_native, id=5868, stack(0x0000000034720000,0x0000000034820000)]
  0x000000001b992800 JavaThread "stdout" daemon [_thread_in_native, id=9972, stack(0x0000000034620000,0x0000000034720000)]
  0x000000001d864000 JavaThread "stderr" daemon [_thread_in_native, id=10568, stack(0x0000000034520000,0x0000000034620000)]
  0x000000001d862000 JavaThread "stdout" daemon [_thread_in_native, id=15300, stack(0x0000000034420000,0x0000000034520000)]
  0x000000001d860800 JavaThread "stderr" daemon [_thread_in_native, id=15232, stack(0x0000000034320000,0x0000000034420000)]
  0x000000001d863800 JavaThread "stdout" daemon [_thread_in_native, id=13636, stack(0x0000000034220000,0x0000000034320000)]
  0x000000001d865000 JavaThread "stderr" daemon [_thread_in_native, id=6536, stack(0x0000000034120000,0x0000000034220000)]
  0x000000001d862800 JavaThread "queued-resource-processor_24" daemon [_thread_blocked, id=916, stack(0x0000000034020000,0x0000000034120000)]
  0x000000001d859000 JavaThread "queued-resource-processor_23" daemon [_thread_blocked, id=8636, stack(0x0000000033f20000,0x0000000034020000)]
  0x000000001d85a800 JavaThread "queued-resource-processor_22" daemon [_thread_blocked, id=13880, stack(0x0000000033e20000,0x0000000033f20000)]
  0x000000001d85c000 JavaThread "queued-resource-processor_21" daemon [_thread_blocked, id=1556, stack(0x0000000033d20000,0x0000000033e20000)]
  0x000000001d856800 JavaThread "queued-resource-processor_19" daemon [_thread_in_native, id=10444, stack(0x0000000033b20000,0x0000000033c20000)]
  0x000000001d856000 JavaThread "queued-resource-processor_18" daemon [_thread_blocked, id=13788, stack(0x0000000033a20000,0x0000000033b20000)]
  0x000000001d85b000 JavaThread "queued-resource-processor_17" daemon [_thread_blocked, id=7376, stack(0x0000000033920000,0x0000000033a20000)]
  0x000000001b998800 JavaThread "Task worker for ':' Thread 7" [_thread_blocked, id=10432, stack(0x0000000031f20000,0x0000000032020000)]
  0x000000001b993000 JavaThread "Task worker for ':' Thread 6" [_thread_blocked, id=5676, stack(0x0000000031e20000,0x0000000031f20000)]
  0x000000001b991000 JavaThread "Task worker for ':' Thread 5" [_thread_blocked, id=7316, stack(0x0000000031d20000,0x0000000031e20000)]
  0x000000001b994800 JavaThread "Task worker for ':' Thread 4" [_thread_blocked, id=12272, stack(0x0000000031c20000,0x0000000031d20000)]
  0x000000001b994000 JavaThread "Task worker for ':' Thread 3" [_thread_blocked, id=12024, stack(0x0000000031b20000,0x0000000031c20000)]
  0x000000001ec5d000 JavaThread "Task worker for ':' Thread 2" [_thread_blocked, id=12028, stack(0x0000000031a20000,0x0000000031b20000)]
  0x000000001ec58800 JavaThread "Task worker for ':'" [_thread_blocked, id=2592, stack(0x0000000031920000,0x0000000031a20000)]
  0x000000001ec5c800 JavaThread "Cache worker for Build Output Cleanup Cache (C:\Users\rvjaz\Desktop\Spark2\.gradle\buildOutputCleanup)" [_thread_blocked, id=13140, stack(0x0000000031820000,0x0000000031920000)]
  0x000000001ec5b800 JavaThread "Cache worker for task history cache (C:\Users\rvjaz\Desktop\Spark2\.gradle\4.4\taskHistory)" [_thread_blocked, id=11980, stack(0x0000000031720000,0x0000000031820000)]
  0x000000001ec5e000 JavaThread "Cache worker for file content cache (C:\Users\rvjaz\Desktop\Spark2\.gradle\4.4\fileContent)" [_thread_blocked, id=9188, stack(0x0000000031620000,0x0000000031720000)]
  0x000000001ec59800 JavaThread "build operations Thread 8" [_thread_blocked, id=6696, stack(0x0000000031520000,0x0000000031620000)]
  0x000000001ec5b000 JavaThread "build operations Thread 7" [_thread_blocked, id=3148, stack(0x0000000031420000,0x0000000031520000)]
  0x000000001ec5e800 JavaThread "build operations Thread 6" [_thread_blocked, id=13336, stack(0x0000000031320000,0x0000000031420000)]
  0x000000001ec5a000 JavaThread "build operations Thread 5" [_thread_blocked, id=14896, stack(0x0000000031220000,0x0000000031320000)]
  0x000000001ec51000 JavaThread "build operations Thread 4" [_thread_blocked, id=13108, stack(0x0000000031120000,0x0000000031220000)]
  0x000000001ec52800 JavaThread "build operations Thread 3" [_thread_blocked, id=10920, stack(0x0000000031020000,0x0000000031120000)]
  0x000000001ec58000 JavaThread "build operations Thread 2" [_thread_blocked, id=10140, stack(0x0000000030f20000,0x0000000031020000)]
  0x000000001ec56800 JavaThread "build operations" [_thread_blocked, id=12044, stack(0x0000000030e20000,0x0000000030f20000)]
  0x000000001ec54000 JavaThread "Cache worker for Artifact transforms cache (C:\Users\rvjaz\.gradle\caches\transforms-1)" [_thread_blocked, id=12048, stack(0x0000000030d20000,0x0000000030e20000)]
  0x000000001ec53800 JavaThread "Cache worker for file hash cache (C:\Users\rvjaz\Desktop\Spark2\.gradle\4.4\fileHashes)" [_thread_blocked, id=15044, stack(0x0000000030c20000,0x0000000030d20000)]
  0x000000001ec55000 JavaThread "Stdin handler" [_thread_blocked, id=12012, stack(0x0000000030b20000,0x0000000030c20000)]
  0x000000001ec50800 JavaThread "Asynchronous log dispatcher for DefaultDaemonConnection: socket connection from /127.0.0.1:54462 to /127.0.0.1:55179" [_thread_blocked, id=10708, stack(0x0000000030a20000,0x0000000030b20000)]
  0x000000001ec4f800 JavaThread "Daemon worker Thread 5" [_thread_blocked, id=7652, stack(0x0000000030920000,0x0000000030a20000)]
  0x0000000018cd5800 JavaThread "Cancel handler" [_thread_blocked, id=10908, stack(0x0000000030820000,0x0000000030920000)]
  0x0000000018cd3800 JavaThread "Handler for socket connection from /127.0.0.1:54462 to /127.0.0.1:55179" [_thread_in_native, id=4620, stack(0x0000000030720000,0x0000000030820000)]
  0x0000000018cd2800 JavaThread "Daemon Thread 5" [_thread_blocked, id=11384, stack(0x0000000030620000,0x0000000030720000)]
  0x000000001d858000 JavaThread "Memory manager" [_thread_blocked, id=15016, stack(0x0000000021f30000,0x0000000022030000)]
  0x00000000197e5000 JavaThread "File lock request listener" [_thread_in_native, id=14364, stack(0x000000001b100000,0x000000001b200000)]
  0x000000001981d000 JavaThread "Cache worker for file hash cache (C:\Users\rvjaz\.gradle\caches\4.4\fileHashes)" [_thread_blocked, id=13564, stack(0x000000001b000000,0x000000001b100000)]
  0x0000000019653000 JavaThread "Daemon periodic checks" [_thread_blocked, id=1936, stack(0x000000001a400000,0x000000001a500000)]
  0x000000001933c000 JavaThread "Incoming local TCP Connector on port 54462" [_thread_in_native, id=7692, stack(0x000000001a1c0000,0x000000001a2c0000)]
  0x00000000157ee800 JavaThread "Service Thread" daemon [_thread_blocked, id=9420, stack(0x00000000182b0000,0x00000000183b0000)]
  0x00000000157ed000 JavaThread "C1 CompilerThread3" daemon [_thread_blocked, id=388, stack(0x00000000181b0000,0x00000000182b0000)]
  0x00000000176f4000 JavaThread "C2 CompilerThread2" daemon [_thread_blocked, id=9812, stack(0x00000000180b0000,0x00000000181b0000)]
  0x00000000176f1800 JavaThread "C2 CompilerThread1" daemon [_thread_blocked, id=14332, stack(0x0000000017fb0000,0x00000000180b0000)]
=>0x00000000176ee800 JavaThread "C2 CompilerThread0" daemon [_thread_in_native, id=14160, stack(0x0000000017eb0000,0x0000000017fb0000)]
  0x00000000176ed000 JavaThread "Attach Listener" daemon [_thread_blocked, id=8488, stack(0x0000000017db0000,0x0000000017eb0000)]
  0x00000000176ea000 JavaThread "Signal Dispatcher" daemon [_thread_blocked, id=14280, stack(0x0000000017cb0000,0x0000000017db0000)]
  0x0000000002cbe800 JavaThread "Finalizer" daemon [_thread_blocked, id=14708, stack(0x0000000017ac0000,0x0000000017bc0000)]
  0x0000000002cb7000 JavaThread "Reference Handler" daemon [_thread_blocked, id=14464, stack(0x00000000175c0000,0x00000000176c0000)]
  0x0000000002abe800 JavaThread "main" [_thread_blocked, id=14016, stack(0x0000000002ac0000,0x0000000002bc0000)]

Other Threads:
  0x00000000157d5800 VMThread [stack: 0x00000000174c0000,0x00000000175c0000] [id=11452]
  0x0000000017791800 WatcherThread [stack: 0x00000000183b0000,0x00000000184b0000] [id=2008]

VM state:not at safepoint (normal execution)

VM Mutex/Monitor currently owned by a thread: None

Heap:
 PSYoungGen      total 216064K, used 110723K [0x00000000eab00000, 0x00000000fd280000, 0x0000000100000000)
  eden space 203264K, 48% used [0x00000000eab00000,0x00000000f0ac24a8,0x00000000f7180000)
  from space 12800K, 98% used [0x00000000f7700000,0x00000000f835ead8,0x00000000f8380000)
  to   space 49664K, 0% used [0x00000000fa200000,0x00000000fa200000,0x00000000fd280000)
 ParOldGen       total 255488K, used 81355K [0x00000000c0000000, 0x00000000cf980000, 0x00000000eab00000)
  object space 255488K, 31% used [0x00000000c0000000,0x00000000c4f72f90,0x00000000cf980000)
 Metaspace       used 78152K, capacity 81404K, committed 82432K, reserved 1120256K
  class space    used 10067K, capacity 10733K, committed 11008K, reserved 1048576K

Card table byte_map: [0x0000000012080000,0x0000000012290000] byte_map_base: 0x0000000011a80000

Marking Bits: (ParMarkBitMap*) 0x000000005ece4970
 Begin Bits: [0x0000000012bf0000, 0x0000000013bf0000)
 End Bits:   [0x0000000013bf0000, 0x0000000014bf0000)

Polling page: 0x0000000000cd0000

CodeCache: size=245760Kb used=45901Kb max_used=45901Kb free=199858Kb
 bounds [0x0000000002cc0000, 0x00000000059e0000, 0x0000000011cc0000]
 total_blobs=14354 nmethods=13516 adapters=750
 compilation: enabled

Compilation events (10 events):
Event: 881.496 Thread 0x00000000176f1800 nmethod 16889 0x00000000059cd750 code [0x00000000059cdaa0, 0x00000000059ceed0]
Event: 881.497 Thread 0x00000000157ed000 nmethod 16890 0x00000000059c3650 code [0x00000000059c3840, 0x00000000059c40d8]
Event: 881.716 Thread 0x00000000157ed000 16892       3       java.lang.ThreadGroup::checkAccess (14 bytes)
Event: 881.716 Thread 0x00000000157ed000 nmethod 16892 0x00000000059c2d90 code [0x00000000059c2f00, 0x00000000059c31c8]
Event: 881.728 Thread 0x00000000157ed000 16893       3       java.lang.Thread::init (11 bytes)
Event: 881.728 Thread 0x00000000157ed000 nmethod 16893 0x00000000059c2650 code [0x00000000059c27c0, 0x00000000059c2948]
Event: 881.728 Thread 0x00000000157ed000 16894       3       java.lang.Thread::init (209 bytes)
Event: 881.732 Thread 0x00000000157ed000 nmethod 16894 0x00000000059be210 code [0x00000000059be520, 0x00000000059c0228]
Event: 881.732 Thread 0x00000000157ed000 16896   !   3       java.lang.ThreadGroup::addUnstarted (40 bytes)
Event: 881.732 Thread 0x00000000157ed000 nmethod 16896 0x00000000059bdb50 code [0x00000000059bdcc0, 0x00000000059be088]

GC Heap History (10 events):
Event: 143.169 GC heap before
{Heap before GC invocations=25 (full 4):
 PSYoungGen      total 217600K, used 217574K [0x00000000eab00000, 0x00000000fcd00000, 0x0000000100000000)
  eden space 168960K, 100% used [0x00000000eab00000,0x00000000f5000000,0x00000000f5000000)
  from space 48640K, 99% used [0x00000000f8880000,0x00000000fb7f9af8,0x00000000fb800000)
  to   space 57856K, 0% used [0x00000000f5000000,0x00000000f5000000,0x00000000f8880000)
 ParOldGen       total 255488K, used 75088K [0x00000000c0000000, 0x00000000cf980000, 0x00000000eab00000)
  object space 255488K, 29% used [0x00000000c0000000,0x00000000c4954100,0x00000000cf980000)
 Metaspace       used 73705K, capacity 76400K, committed 78208K, reserved 1116160K
  class space    used 9615K, capacity 10219K, committed 10624K, reserved 1048576K
Event: 143.180 GC heap after
Heap after GC invocations=25 (full 4):
 PSYoungGen      total 226816K, used 13440K [0x00000000eab00000, 0x00000000fd300000, 0x0000000100000000)
  eden space 168960K, 0% used [0x00000000eab00000,0x00000000eab00000,0x00000000f5000000)
  from space 57856K, 23% used [0x00000000f5000000,0x00000000f5d20378,0x00000000f8880000)
  to   space 55808K, 0% used [0x00000000f9c80000,0x00000000f9c80000,0x00000000fd300000)
 ParOldGen       total 255488K, used 81323K [0x00000000c0000000, 0x00000000cf980000, 0x00000000eab00000)
  object space 255488K, 31% used [0x00000000c0000000,0x00000000c4f6af90,0x00000000cf980000)
 Metaspace       used 73705K, capacity 76400K, committed 78208K, reserved 1116160K
  class space    used 9615K, capacity 10219K, committed 10624K, reserved 1048576K
}
Event: 143.948 GC heap before
{Heap before GC invocations=26 (full 4):
 PSYoungGen      total 226816K, used 181852K [0x00000000eab00000, 0x00000000fd300000, 0x0000000100000000)
  eden space 168960K, 99% used [0x00000000eab00000,0x00000000f4f76e28,0x00000000f5000000)
  from space 57856K, 23% used [0x00000000f5000000,0x00000000f5d20378,0x00000000f8880000)
  to   space 55808K, 0% used [0x00000000f9c80000,0x00000000f9c80000,0x00000000fd300000)
 ParOldGen       total 255488K, used 81323K [0x00000000c0000000, 0x00000000cf980000, 0x00000000eab00000)
  object space 255488K, 31% used [0x00000000c0000000,0x00000000c4f6af90,0x00000000cf980000)
 Metaspace       used 73706K, capacity 76400K, committed 78208K, reserved 1116160K
  class space    used 9615K, capacity 10219K, committed 10624K, reserved 1048576K
Event: 143.958 GC heap after
Heap after GC invocations=26 (full 4):
 PSYoungGen      total 245248K, used 28325K [0x00000000eab00000, 0x00000000fd100000, 0x0000000100000000)
  eden space 191488K, 0% used [0x00000000eab00000,0x00000000eab00000,0x00000000f6600000)
  from space 53760K, 52% used [0x00000000f9c80000,0x00000000fb829498,0x00000000fd100000)
  to   space 54784K, 0% used [0x00000000f6600000,0x00000000f6600000,0x00000000f9b80000)
 ParOldGen       total 255488K, used 81331K [0x00000000c0000000, 0x00000000cf980000, 0x00000000eab00000)
  object space 255488K, 31% used [0x00000000c0000000,0x00000000c4f6cf90,0x00000000cf980000)
 Metaspace       used 73706K, capacity 76400K, committed 78208K, reserved 1116160K
  class space    used 9615K, capacity 10219K, committed 10624K, reserved 1048576K
}
Event: 363.794 GC heap before
{Heap before GC invocations=27 (full 4):
 PSYoungGen      total 245248K, used 219813K [0x00000000eab00000, 0x00000000fd100000, 0x0000000100000000)
  eden space 191488K, 100% used [0x00000000eab00000,0x00000000f6600000,0x00000000f6600000)
  from space 53760K, 52% used [0x00000000f9c80000,0x00000000fb829498,0x00000000fd100000)
  to   space 54784K, 0% used [0x00000000f6600000,0x00000000f6600000,0x00000000f9b80000)
 ParOldGen       total 255488K, used 81331K [0x00000000c0000000, 0x00000000cf980000, 0x00000000eab00000)
  object space 255488K, 31% used [0x00000000c0000000,0x00000000c4f6cf90,0x00000000cf980000)
 Metaspace       used 74997K, capacity 78080K, committed 79616K, reserved 1118208K
  class space    used 9747K, capacity 10401K, committed 10752K, reserved 1048576K
Event: 363.807 GC heap after
Heap after GC invocations=27 (full 4):
 PSYoungGen      total 246272K, used 11247K [0x00000000eab00000, 0x00000000fe380000, 0x0000000100000000)
  eden space 191488K, 0% used [0x00000000eab00000,0x00000000eab00000,0x00000000f6600000)
  from space 54784K, 20% used [0x00000000f6600000,0x00000000f70fbfc0,0x00000000f9b80000)
  to   space 53760K, 0% used [0x00000000faf00000,0x00000000faf00000,0x00000000fe380000)
 ParOldGen       total 255488K, used 81339K [0x00000000c0000000, 0x00000000cf980000, 0x00000000eab00000)
  object space 255488K, 31% used [0x00000000c0000000,0x00000000c4f6ef90,0x00000000cf980000)
 Metaspace       used 74997K, capacity 78080K, committed 79616K, reserved 1118208K
  class space    used 9747K, capacity 10401K, committed 10752K, reserved 1048576K
}
Event: 372.049 GC heap before
{Heap before GC invocations=28 (full 4):
 PSYoungGen      total 246272K, used 199311K [0x00000000eab00000, 0x00000000fe380000, 0x0000000100000000)
  eden space 191488K, 98% used [0x00000000eab00000,0x00000000f62a7e70,0x00000000f6600000)
  from space 54784K, 20% used [0x00000000f6600000,0x00000000f70fbfc0,0x00000000f9b80000)
  to   space 53760K, 0% used [0x00000000faf00000,0x00000000faf00000,0x00000000fe380000)
 ParOldGen       total 255488K, used 81339K [0x00000000c0000000, 0x00000000cf980000, 0x00000000eab00000)
  object space 255488K, 31% used [0x00000000c0000000,0x00000000c4f6ef90,0x00000000cf980000)
 Metaspace       used 76816K, capacity 79942K, committed 81152K, reserved 1120256K
  class space    used 9950K, capacity 10606K, committed 11008K, reserved 1048576K
Event: 372.062 GC heap after
Heap after GC invocations=28 (full 4):
 PSYoungGen      total 253952K, used 17101K [0x00000000eab00000, 0x00000000fdb00000, 0x0000000100000000)
  eden space 208896K, 0% used [0x00000000eab00000,0x00000000eab00000,0x00000000f7700000)
  from space 45056K, 37% used [0x00000000faf00000,0x00000000fbfb3788,0x00000000fdb00000)
  to   space 51200K, 0% used [0x00000000f7700000,0x00000000f7700000,0x00000000fa900000)
 ParOldGen       total 255488K, used 81347K [0x00000000c0000000, 0x00000000cf980000, 0x00000000eab00000)
  object space 255488K, 31% used [0x00000000c0000000,0x00000000c4f70f90,0x00000000cf980000)
 Metaspace       used 76816K, capacity 79942K, committed 81152K, reserved 1120256K
  class space    used 9950K, capacity 10606K, committed 11008K, reserved 1048576K
}
Event: 878.853 GC heap before
{Heap before GC invocations=29 (full 4):
 PSYoungGen      total 253952K, used 225997K [0x00000000eab00000, 0x00000000fdb00000, 0x0000000100000000)
  eden space 208896K, 100% used [0x00000000eab00000,0x00000000f7700000,0x00000000f7700000)
  from space 45056K, 37% used [0x00000000faf00000,0x00000000fbfb3788,0x00000000fdb00000)
  to   space 51200K, 0% used [0x00000000f7700000,0x00000000f7700000,0x00000000fa900000)
 ParOldGen       total 255488K, used 81347K [0x00000000c0000000, 0x00000000cf980000, 0x00000000eab00000)
  object space 255488K, 31% used [0x00000000c0000000,0x00000000c4f70f90,0x00000000cf980000)
 Metaspace       used 77275K, capacity 80538K, committed 81664K, reserved 1120256K
  class space    used 9982K, capacity 10662K, committed 11008K, reserved 1048576K
Event: 878.906 GC heap after
Heap after GC invocations=29 (full 4):
 PSYoungGen      total 216064K, used 12666K [0x00000000eab00000, 0x00000000fd280000, 0x0000000100000000)
  eden space 203264K, 0% used [0x00000000eab00000,0x00000000eab00000,0x00000000f7180000)
  from space 12800K, 98% used [0x00000000f7700000,0x00000000f835ead8,0x00000000f8380000)
  to   space 49664K, 0% used [0x00000000fa200000,0x00000000fa200000,0x00000000fd280000)
 ParOldGen       total 255488K, used 81355K [0x00000000c0000000, 0x00000000cf980000, 0x00000000eab00000)
  object space 255488K, 31% used [0x00000000c0000000,0x00000000c4f72f90,0x00000000cf980000)
 Metaspace       used 77275K, capacity 80538K, committed 81664K, reserved 1120256K
  class space    used 9982K, capacity 10662K, committed 11008K, reserved 1048576K
}

Deoptimization events (10 events):
Event: 881.138 Thread 0x000000001ec58800 Uncommon trap: reason=bimorphic action=maybe_recompile pc=0x0000000005972244 method=com.sun.org.apache.xerces.internal.dom.AttributeMap.setNamedItem(Lorg/w3c/dom/Node;)Lorg/w3c/dom/Node; @ 4
Event: 881.138 Thread 0x000000001ec58800 Uncommon trap: reason=bimorphic action=maybe_recompile pc=0x0000000005972244 method=com.sun.org.apache.xerces.internal.dom.AttributeMap.setNamedItem(Lorg/w3c/dom/Node;)Lorg/w3c/dom/Node; @ 4
Event: 881.143 Thread 0x000000001ec58800 Uncommon trap: reason=bimorphic action=maybe_recompile pc=0x0000000005972244 method=com.sun.org.apache.xerces.internal.dom.AttributeMap.setNamedItem(Lorg/w3c/dom/Node;)Lorg/w3c/dom/Node; @ 4
Event: 881.143 Thread 0x000000001ec58800 Uncommon trap: reason=bimorphic action=maybe_recompile pc=0x0000000005972244 method=com.sun.org.apache.xerces.internal.dom.AttributeMap.setNamedItem(Lorg/w3c/dom/Node;)Lorg/w3c/dom/Node; @ 4
Event: 881.159 Thread 0x000000001ec58800 Uncommon trap: reason=unstable_if action=reinterpret pc=0x00000000058a17a4 method=com.sun.org.apache.xerces.internal.dom.DeferredAttrNSImpl.synchronizeData()V @ 36
Event: 881.204 Thread 0x000000001ec58800 Uncommon trap: reason=unstable_if action=reinterpret pc=0x0000000005950a68 method=sun.nio.cs.UTF_8$Encoder.encodeArrayLoop(Ljava/nio/CharBuffer;Ljava/nio/ByteBuffer;)Ljava/nio/charset/CoderResult; @ 87
Event: 881.204 Thread 0x000000001ec58800 Uncommon trap: reason=unstable_if action=reinterpret pc=0x0000000003087210 method=sun.nio.cs.UTF_8$Encoder.encodeArrayLoop(Ljava/nio/CharBuffer;Ljava/nio/ByteBuffer;)Ljava/nio/charset/CoderResult; @ 87
Event: 881.287 Thread 0x000000001ec5b800 Uncommon trap: reason=unstable_if action=reinterpret pc=0x00000000037265dc method=org.gradle.api.internal.changedetection.state.SnapshotMapSerializer.writeSnapshot(Lorg/gradle/internal/serialize/Encoder;Lorg/gradle/api/internal/changedetection/state/Norma
Event: 881.418 Thread 0x000000001ec58800 Uncommon trap: reason=unstable_if action=reinterpret pc=0x000000000590a638 method=com.google.gson.stream.JsonReader.peek()Lcom/google/gson/stream/JsonToken; @ 6
Event: 881.736 Thread 0x000000001d857800 Uncommon trap: reason=class_check action=maybe_recompile pc=0x000000000399e900 method=java.lang.Throwable.<init>(Ljava/lang/String;Ljava/lang/Throwable;)V @ 24

Classes redefined (0 events):
No events

Internal exceptions (10 events):
Event: 878.276 Thread 0x000000001ec4f800 Exception <a 'sun/nio/fs/WindowsException'> (0x00000000f4e94020) thrown at [D:\src\AOSP-openjdk-cygwin\jdk8u\hotspot\src\share\vm\prims\jni.cpp, line 709]
Event: 878.276 Thread 0x000000001ec4f800 Exception <a 'sun/nio/fs/WindowsException'> (0x00000000f4e94c00) thrown at [D:\src\AOSP-openjdk-cygwin\jdk8u\hotspot\src\share\vm\prims\jni.cpp, line 709]
Event: 878.276 Thread 0x000000001ec4f800 Exception <a 'sun/nio/fs/WindowsException'> (0x00000000f4e96818) thrown at [D:\src\AOSP-openjdk-cygwin\jdk8u\hotspot\src\share\vm\prims\jni.cpp, line 709]
Event: 878.276 Thread 0x000000001ec4f800 Exception <a 'sun/nio/fs/WindowsException'> (0x00000000f4e97438) thrown at [D:\src\AOSP-openjdk-cygwin\jdk8u\hotspot\src\share\vm\prims\jni.cpp, line 709]
Event: 878.276 Thread 0x000000001ec4f800 Exception <a 'sun/nio/fs/WindowsException'> (0x00000000f4e9a080) thrown at [D:\src\AOSP-openjdk-cygwin\jdk8u\hotspot\src\share\vm\prims\jni.cpp, line 709]
Event: 878.276 Thread 0x000000001ec4f800 Exception <a 'sun/nio/fs/WindowsException'> (0x00000000f4e9ad40) thrown at [D:\src\AOSP-openjdk-cygwin\jdk8u\hotspot\src\share\vm\prims\jni.cpp, line 709]
Event: 878.277 Thread 0x000000001ec4f800 Exception <a 'sun/nio/fs/WindowsException'> (0x00000000f4e9ca48) thrown at [D:\src\AOSP-openjdk-cygwin\jdk8u\hotspot\src\share\vm\prims\jni.cpp, line 709]
Event: 878.277 Thread 0x000000001ec4f800 Exception <a 'sun/nio/fs/WindowsException'> (0x00000000f4e9d740) thrown at [D:\src\AOSP-openjdk-cygwin\jdk8u\hotspot\src\share\vm\prims\jni.cpp, line 709]
Event: 879.576 Thread 0x000000001ec58800 Implicit null exception at 0x000000000325701e to 0x00000000032571a1
Event: 881.735 Thread 0x000000001d857800 Exception <a 'java/io/IOException': CreateProcess error=1455, The paging file is too small for this operation to complete> (0x00000000f08604d8) thrown at [D:\src\AOSP-openjdk-cygwin\jdk8u\hotspot\src\share\vm\prims\jni.cpp, line 735]

Events (10 events):
Event: 881.722 Thread 0x000000001d864000 Thread added: 0x000000001d864000
Event: 881.722 Thread 0x000000001b992800 Thread added: 0x000000001b992800
Event: 881.728 Thread 0x000000001b99b800 Thread added: 0x000000001b99b800
Event: 881.728 Thread 0x000000001b99a800 Thread added: 0x000000001b99a800
Event: 881.733 Thread 0x000000001b99c000 Thread added: 0x000000001b99c000
Event: 881.733 Thread 0x000000001b999000 Thread added: 0x000000001b999000
Event: 881.736 Thread 0x000000001d857800 Uncommon trap: trap_request=0xffffffde fr.pc=0x000000000399e900
Event: 881.736 Thread 0x000000001d857800 DEOPT PACKING pc=0x000000000399e900 sp=0x0000000033d1ec90
Event: 881.736 Thread 0x000000001d857800 DEOPT UNPACKING pc=0x0000000002d0557b sp=0x0000000033d1ec78 mode 2
Event: 881.736 Executing VM operation: RevokeBias


Dynamic libraries:
0x00007ff6336f0000 - 0x00007ff633721000 	C:\Program Files\Android\Android Studio\jre\bin\java.exe
0x00007ffca7ce0000 - 0x00007ffca7ec1000 	C:\WINDOWS\SYSTEM32\ntdll.dll
0x00007ffca7380000 - 0x00007ffca7431000 	C:\WINDOWS\System32\KERNEL32.DLL
0x00007ffca42a0000 - 0x00007ffca4513000 	C:\WINDOWS\System32\KERNELBASE.dll
0x00007ffca7440000 - 0x00007ffca74e1000 	C:\WINDOWS\System32\ADVAPI32.dll
0x00007ffca53b0000 - 0x00007ffca544e000 	C:\WINDOWS\System32\msvcrt.dll
0x00007ffca7670000 - 0x00007ffca76cb000 	C:\WINDOWS\System32\sechost.dll
0x00007ffca5780000 - 0x00007ffca58a4000 	C:\WINDOWS\System32\RPCRT4.dll
0x00007ffca5950000 - 0x00007ffca5ae0000 	C:\WINDOWS\System32\USER32.dll
0x00007ffca50f0000 - 0x00007ffca5110000 	C:\WINDOWS\System32\win32u.dll
0x00007ffca5b70000 - 0x00007ffca5b98000 	C:\WINDOWS\System32\GDI32.dll
0x00007ffca46c0000 - 0x00007ffca4852000 	C:\WINDOWS\System32\gdi32full.dll
0x00007ffca4620000 - 0x00007ffca46bf000 	C:\WINDOWS\System32\msvcp_win.dll
0x00007ffca4520000 - 0x00007ffca4618000 	C:\WINDOWS\System32\ucrtbase.dll
0x00007ffc883e0000 - 0x00007ffc88649000 	C:\WINDOWS\WinSxS\amd64_microsoft.windows.common-controls_6595b64144ccf1df_6.0.17134.753_none_fb40a13930672597\COMCTL32.dll
0x00007ffca5450000 - 0x00007ffca5772000 	C:\WINDOWS\System32\combase.dll
0x00007ffca5020000 - 0x00007ffca509a000 	C:\WINDOWS\System32\bcryptPrimitives.dll
0x00007ffca5ae0000 - 0x00007ffca5b0d000 	C:\WINDOWS\System32\IMM32.DLL
0x000000005e010000 - 0x000000005e0e2000 	C:\Program Files\Android\Android Studio\jre\jre\bin\msvcr100.dll
0x000000005e520000 - 0x000000005ed5f000 	C:\Program Files\Android\Android Studio\jre\jre\bin\server\jvm.dll
0x00007ffca5220000 - 0x00007ffca5228000 	C:\WINDOWS\System32\PSAPI.DLL
0x00007ffc8c3f0000 - 0x00007ffc8c3f9000 	C:\WINDOWS\SYSTEM32\WSOCK32.dll
0x00007ffc9feb0000 - 0x00007ffc9fed3000 	C:\WINDOWS\SYSTEM32\WINMM.dll
0x00007ffc93ff0000 - 0x00007ffc93ffa000 	C:\WINDOWS\SYSTEM32\VERSION.dll
0x00007ffca7240000 - 0x00007ffca72ac000 	C:\WINDOWS\System32\WS2_32.dll
0x00007ffc9fe80000 - 0x00007ffc9feaa000 	C:\WINDOWS\SYSTEM32\winmmbase.dll
0x00007ffca50a0000 - 0x00007ffca50e9000 	C:\WINDOWS\System32\cfgmgr32.dll
0x00007ffc80b40000 - 0x00007ffc80b4f000 	C:\Program Files\Android\Android Studio\jre\jre\bin\verify.dll
0x00007ffc66000000 - 0x00007ffc66029000 	C:\Program Files\Android\Android Studio\jre\jre\bin\java.dll
0x00007ffc65fe0000 - 0x00007ffc65ff6000 	C:\Program Files\Android\Android Studio\jre\jre\bin\zip.dll
0x00007ffca5e00000 - 0x00007ffca7240000 	C:\WINDOWS\System32\SHELL32.dll
0x00007ffca5170000 - 0x00007ffca5219000 	C:\WINDOWS\System32\shcore.dll
0x00007ffca4860000 - 0x00007ffca4f6d000 	C:\WINDOWS\System32\windows.storage.dll
0x00007ffca5b10000 - 0x00007ffca5b61000 	C:\WINDOWS\System32\shlwapi.dll
0x00007ffca4070000 - 0x00007ffca4081000 	C:\WINDOWS\System32\kernel.appcore.dll
0x00007ffca4090000 - 0x00007ffca40af000 	C:\WINDOWS\System32\profapi.dll
0x00007ffca4020000 - 0x00007ffca406c000 	C:\WINDOWS\System32\powrprof.dll
0x00007ffca4010000 - 0x00007ffca401a000 	C:\WINDOWS\System32\FLTLIB.DLL
0x00007ffc65da0000 - 0x00007ffc65dba000 	C:\Program Files\Android\Android Studio\jre\jre\bin\net.dll
0x00007ffca3810000 - 0x00007ffca3876000 	C:\WINDOWS\system32\mswsock.dll
0x00007ffc65d80000 - 0x00007ffc65d91000 	C:\Program Files\Android\Android Studio\jre\jre\bin\nio.dll
0x00007ffc9f8b0000 - 0x00007ffc9f8ce000 	C:\Users\rvjaz\.gradle\native\25\windows-amd64\native-platform.dll
0x00007ffc66de0000 - 0x00007ffc66ded000 	C:\Program Files\Android\Android Studio\jre\jre\bin\management.dll
0x00007ffca39c0000 - 0x00007ffca39d7000 	C:\WINDOWS\SYSTEM32\CRYPTSP.dll
0x00007ffca33f0000 - 0x00007ffca3423000 	C:\WINDOWS\system32\rsaenh.dll
0x00007ffca3b50000 - 0x00007ffca3b75000 	C:\WINDOWS\SYSTEM32\bcrypt.dll
0x00007ffca3f20000 - 0x00007ffca3f48000 	C:\WINDOWS\SYSTEM32\USERENV.dll
0x00007ffca39e0000 - 0x00007ffca39eb000 	C:\WINDOWS\SYSTEM32\CRYPTBASE.dll
0x00007ffca3590000 - 0x00007ffca35c8000 	C:\WINDOWS\SYSTEM32\IPHLPAPI.DLL
0x00007ffca74f0000 - 0x00007ffca74f8000 	C:\WINDOWS\System32\NSI.dll
0x00007ffc98950000 - 0x00007ffc98966000 	C:\WINDOWS\SYSTEM32\dhcpcsvc6.DLL
0x00007ffc98a50000 - 0x00007ffc98a6a000 	C:\WINDOWS\SYSTEM32\dhcpcsvc.DLL

VM Arguments:
jvm_args: -XX:+HeapDumpOnOutOfMemoryError -Xmx1024m -Dfile.encoding=windows-1252 -Duser.country=US -Duser.language=en -Duser.variant 
java_command: org.gradle.launcher.daemon.bootstrap.GradleDaemon 4.4
java_class_path (initial): C:\Users\rvjaz\.gradle\wrapper\dists\gradle-4.4-all\9br9xq1tocpiv8o6njlyu5op1\gradle-4.4\lib\gradle-launcher-4.4.jar
Launcher Type: SUN_STANDARD

Environment Variables:
PATH=C:\Program Files (x86)\Intel\Intel(R) Management Engine Components\iCLS\;C:\Program Files\Intel\Intel(R) Management Engine Components\iCLS\;C:\Program Files (x86)\Common Files\Oracle\Java\javapath;C:\WINDOWS\system32;C:\WINDOWS;C:\WINDOWS\System32\Wbem;C:\WINDOWS\System32\WindowsPowerShell\v1.0\;C:\WINDOWS\System32\OpenSSH\;C:\Program Files\nodejs\;C:\Program Files\Intel\WiFi\bin\;C:\Program Files\Common Files\Intel\WirelessCommon\;C:\Program Files (x86)\Common Files\Roxio Shared\DLLShared\;C:\Program Files (x86)\Common Files\Roxio Shared\DLLShared\;C:\Program Files (x86)\Common Files\Roxio Shared\Game1X\DLLShared\;C:\Program Files (x86)\Intel\Intel(R) Management Engine Components\DAL;C:\Program Files\Intel\Intel(R) Management Engine Components\DAL;C:\Program Files (x86)\Intel\Intel(R) Management Engine Components\IPT;C:\Program Files\Intel\Intel(R) Management Engine Components\IPT;C:\Program Files\Git\cmd;C:\Users\rvjaz\AppData\Local\Microsoft\WindowsApps;;C:\Users\rvjaz\AppData\Local\Programs\Microsoft VS Code\bin;C:\Users\rvjaz\AppData\Roaming\npm;C:\Program Files\Intel\WiFi\bin\;C:\Program Files\Common Files\Intel\WirelessCommon\
USERNAME=rvjaz
OS=Windows_NT
PROCESSOR_IDENTIFIER=Intel64 Family 6 Model 142 Stepping 10, GenuineIntel



---------------  S Y S T E M  ---------------

OS: Windows 10.0 , 64 bit Build 17134 (10.0.17134.753)

CPU:total 8 (initial active 8) (4 cores per cpu, 2 threads per core) family 6 model 142 stepping 10, cmov, cx8, fxsr, mmx, sse, sse2, sse3, ssse3, sse4.1, sse4.2, popcnt, avx, avx2, aes, clmul, erms, 3dnowpref, lzcnt, ht, tsc, tscinvbit, bmi1, bmi2, adx

Memory: 4k page, physical 8226400k(872064k free), swap 12117600k(216k free)

vm_info: OpenJDK 64-Bit Server VM (25.152-b02) for windows-amd64 JRE (1.8.0_152-release-1024-b02), built by "builder" with MS VC++ 10.0 (VS2010)

time: Wed May 01 22:41:15 2019
elapsed time: 881 seconds (0d 0h 14m 41s)

